[debug] [2024-02-02T17:04:18.095Z] ----------------------------------------------------------------------
[debug] [2024-02-02T17:04:18.098Z] Command:       /usr/local/share/nvm/versions/node/v20.11.0/bin/node /home/codespace/nvm/current/bin/firebase login
[debug] [2024-02-02T17:04:18.098Z] CLI Version:   13.1.0
[debug] [2024-02-02T17:04:18.098Z] Platform:      linux
[debug] [2024-02-02T17:04:18.098Z] Node Version:  v20.11.0
[debug] [2024-02-02T17:04:18.098Z] Time:          Fri Feb 02 2024 17:04:18 GMT+0000 (Coordinated Universal Time)
[debug] [2024-02-02T17:04:18.099Z] Env Overrides: GITHUB_API_URL
[debug] [2024-02-02T17:04:18.099Z] ----------------------------------------------------------------------
[debug] 
[debug] [2024-02-02T17:04:18.101Z] >>> [apiv2][query] GET https://firebase-public.firebaseio.com/cli.json [none]
[info] i  Firebase optionally collects CLI and Emulator Suite usage and error reporting information to help improve our products. Data is collected in accordance with Google's privacy policy (https://policies.google.com/privacy) and is not used to identify you.
 
[debug] [2024-02-02T17:04:18.231Z] <<< [apiv2][status] GET https://firebase-public.firebaseio.com/cli.json 200
[debug] [2024-02-02T17:04:18.232Z] <<< [apiv2][body] GET https://firebase-public.firebaseio.com/cli.json {"cloudBuildErrorAfter":1594252800000,"cloudBuildWarnAfter":1590019200000,"defaultNode10After":1594252800000,"minVersion":"3.0.5","node8DeploysDisabledAfter":1613390400000,"node8RuntimeDisabledAfter":1615809600000,"node8WarnAfter":1600128000000}
[info] i  To change your data collection preference at any time, run `firebase logout` and log in again. 
[debug] [2024-02-02T17:04:20.545Z] >>> [apiv2][query] POST https://auth.firebase.tools/attest [none]
[debug] [2024-02-02T17:04:20.545Z] >>> [apiv2][body] POST https://auth.firebase.tools/attest {"session_id":"4176e505-1561-4a37-b75a-aab7a4174f63"}
[debug] [2024-02-02T17:04:20.816Z] <<< [apiv2][status] POST https://auth.firebase.tools/attest 200
[debug] [2024-02-02T17:04:20.816Z] <<< [apiv2][body] POST https://auth.firebase.tools/attest {"token":"yIFlYn6Vb5OCE9bV_i7_OJ7kKomgOuvo6lFtgCKLAi0"}
[info] 
[info] To sign in to the Firebase CLI:
[info] 
[info] 1. Take note of your session ID:
[info] 
[info]    4176E
[info] 
[info] 2. Visit the URL below on any device and follow the instructions to get your code:
[info] 
[info]    https://auth.firebase.tools/login?code_challenge=4XpjhbW48lWbofLUK5sz0227MKIIddhriAaqBTq_mis&session=4176e505-1561-4a37-b75a-aab7a4174f63&attest=yIFlYn6Vb5OCE9bV_i7_OJ7kKomgOuvo6lFtgCKLAi0
[info] 
[info] 3. Paste or enter the authorization code below once you have it:
[info] 
